# JRE version: Java(TM) SE Runtime Environment (8.0_311-b11) (build 1.8.0_311-b11)
# Java VM: Java HotSpot(TM) 64-Bit Server VM (25.311-b11 mixed mode windows-amd64 compressed oops)
Heap:
 PSYoungGen      total 75264K, used 16064K [0x00000000d5580000, 0x00000000daa80000, 0x0000000100000000)
  eden space 64512K, 12% used [0x00000000d5580000,0x00000000d5d1d0a0,0x00000000d9480000)
  from space 10752K, 76% used [0x00000000d9480000,0x00000000d9c92fa8,0x00000000d9f00000)
  to   space 9728K, 0% used [0x00000000d9f00000,0x00000000d9f00000,0x00000000da880000)
 ParOldGen       total 57344K, used 8853K [0x0000000080000000, 0x0000000083800000, 0x00000000d5580000)
  object space 57344K, 15% used [0x0000000080000000,0x00000000808a56b8,0x0000000083800000)
 Metaspace       used 29398K, capacity 30186K, committed 30464K, reserved 1075200K
  class space    used 4068K, capacity 4276K, committed 4352K, reserved 1048576K
GC Heap History (10 events):
Event: 6.759 GC heap before
{Heap before GC invocations=4 (full 0):
 PSYoungGen      total 37888K, used 37888K [0x00000000d5580000, 0x00000000d7f80000, 0x0000000100000000)
  eden space 32768K, 100% used [0x00000000d5580000,0x00000000d7580000,0x00000000d7580000)
  from space 5120K, 100% used [0x00000000d7580000,0x00000000d7a80000,0x00000000d7a80000)
  to   space 5120K, 0% used [0x00000000d7a80000,0x00000000d7a80000,0x00000000d7f80000)
 ParOldGen       total 86016K, used 1188K [0x0000000080000000, 0x0000000085400000, 0x00000000d5580000)
  object space 86016K, 1% used [0x0000000080000000,0x0000000080129028,0x0000000085400000)
 Metaspace       used 15888K, capacity 16424K, committed 16768K, reserved 1062912K
  class space    used 2151K, capacity 2314K, committed 2432K, reserved 1048576K
Event: 6.848 GC heap after
Heap after GC invocations=4 (full 0):
 PSYoungGen      total 37888K, used 5097K [0x00000000d5580000, 0x00000000d9f80000, 0x0000000100000000)
  eden space 32768K, 0% used [0x00000000d5580000,0x00000000d5580000,0x00000000d7580000)
  from space 5120K, 99% used [0x00000000d7a80000,0x00000000d7f7a420,0x00000000d7f80000)
  to   space 5120K, 0% used [0x00000000d7580000,0x00000000d7580000,0x00000000d7a80000)
 ParOldGen       total 86016K, used 3725K [0x0000000080000000, 0x0000000085400000, 0x00000000d5580000)
  object space 86016K, 4% used [0x0000000080000000,0x00000000803a3560,0x0000000085400000)
 Metaspace       used 15888K, capacity 16424K, committed 16768K, reserved 1062912K
  class space    used 2151K, capacity 2314K, committed 2432K, reserved 1048576K
}
Event: 8.115 GC heap before
{Heap before GC invocations=5 (full 0):
 PSYoungGen      total 37888K, used 37865K [0x00000000d5580000, 0x00000000d9f80000, 0x0000000100000000)
  eden space 32768K, 100% used [0x00000000d5580000,0x00000000d7580000,0x00000000d7580000)
  from space 5120K, 99% used [0x00000000d7a80000,0x00000000d7f7a420,0x00000000d7f80000)
  to   space 5120K, 0% used [0x00000000d7580000,0x00000000d7580000,0x00000000d7a80000)
 ParOldGen       total 86016K, used 3725K [0x0000000080000000, 0x0000000085400000, 0x00000000d5580000)
  object space 86016K, 4% used [0x0000000080000000,0x00000000803a3560,0x0000000085400000)
 Metaspace       used 17951K, capacity 18520K, committed 18816K, reserved 1064960K
  class space    used 2506K, capacity 2672K, committed 2688K, reserved 1048576K
Event: 8.129 GC heap after
Heap after GC invocations=5 (full 0):
 PSYoungGen      total 37888K, used 5104K [0x00000000d5580000, 0x00000000da880000, 0x0000000100000000)
  eden space 32768K, 0% used [0x00000000d5580000,0x00000000d5580000,0x00000000d7580000)
  from space 5120K, 99% used [0x00000000d7580000,0x00000000d7a7c010,0x00000000d7a80000)
  to   space 9728K, 0% used [0x00000000d9f00000,0x00000000d9f00000,0x00000000da880000)
 ParOldGen       total 86016K, used 6493K [0x0000000080000000, 0x0000000085400000, 0x00000000d5580000)
  object space 86016K, 7% used [0x0000000080000000,0x0000000080657750,0x0000000085400000)
 Metaspace       used 17951K, capacity 18520K, committed 18816K, reserved 1064960K
  class space    used 2506K, capacity 2672K, committed 2688K, reserved 1048576K
}
Event: 9.197 GC heap before
{Heap before GC invocations=6 (full 0):
 PSYoungGen      total 37888K, used 37872K [0x00000000d5580000, 0x00000000da880000, 0x0000000100000000)
  eden space 32768K, 100% used [0x00000000d5580000,0x00000000d7580000,0x00000000d7580000)
  from space 5120K, 99% used [0x00000000d7580000,0x00000000d7a7c010,0x00000000d7a80000)
  to   space 9728K, 0% used [0x00000000d9f00000,0x00000000d9f00000,0x00000000da880000)
 ParOldGen       total 86016K, used 6493K [0x0000000080000000, 0x0000000085400000, 0x00000000d5580000)
  object space 86016K, 7% used [0x0000000080000000,0x0000000080657750,0x0000000085400000)
 Metaspace       used 20544K, capacity 21180K, committed 21296K, reserved 1067008K
  class space    used 2934K, capacity 3120K, committed 3200K, reserved 1048576K
Event: 9.213 GC heap after
Heap after GC invocations=6 (full 0):
 PSYoungGen      total 74240K, used 8400K [0x00000000d5580000, 0x00000000daa80000, 0x0000000100000000)
  eden space 64512K, 0% used [0x00000000d5580000,0x00000000d5580000,0x00000000d9480000)
  from space 9728K, 86% used [0x00000000d9f00000,0x00000000da734118,0x00000000da880000)
  to   space 10752K, 0% used [0x00000000d9480000,0x00000000d9480000,0x00000000d9f00000)
 ParOldGen       total 86016K, used 6501K [0x0000000080000000, 0x0000000085400000, 0x00000000d5580000)
  object space 86016K, 7% used [0x0000000080000000,0x0000000080659750,0x0000000085400000)
 Metaspace       used 20544K, capacity 21180K, committed 21296K, reserved 1067008K
  class space    used 2934K, capacity 3120K, committed 3200K, reserved 1048576K
}
Event: 9.213 GC heap before
{Heap before GC invocations=7 (full 1):
 PSYoungGen      total 74240K, used 8400K [0x00000000d5580000, 0x00000000daa80000, 0x0000000100000000)
  eden space 64512K, 0% used [0x00000000d5580000,0x00000000d5580000,0x00000000d9480000)
  from space 9728K, 86% used [0x00000000d9f00000,0x00000000da734118,0x00000000da880000)
  to   space 10752K, 0% used [0x00000000d9480000,0x00000000d9480000,0x00000000d9f00000)
 ParOldGen       total 86016K, used 6501K [0x0000000080000000, 0x0000000085400000, 0x00000000d5580000)
  object space 86016K, 7% used [0x0000000080000000,0x0000000080659750,0x0000000085400000)
 Metaspace       used 20544K, capacity 21180K, committed 21296K, reserved 1067008K
  class space    used 2934K, capacity 3120K, committed 3200K, reserved 1048576K
Event: 9.293 GC heap after
Heap after GC invocations=7 (full 1):
 PSYoungGen      total 74240K, used 0K [0x00000000d5580000, 0x00000000daa80000, 0x0000000100000000)
  eden space 64512K, 0% used [0x00000000d5580000,0x00000000d5580000,0x00000000d9480000)
  from space 9728K, 0% used [0x00000000d9f00000,0x00000000d9f00000,0x00000000da880000)
  to   space 10752K, 0% used [0x00000000d9480000,0x00000000d9480000,0x00000000d9f00000)
 ParOldGen       total 57344K, used 8845K [0x0000000080000000, 0x0000000083800000, 0x00000000d5580000)
  object space 57344K, 15% used [0x0000000080000000,0x00000000808a36b8,0x0000000083800000)
 Metaspace       used 20544K, capacity 21180K, committed 21296K, reserved 1067008K
  class space    used 2934K, capacity 3120K, committed 3200K, reserved 1048576K
}
Event: 12.307 GC heap before
{Heap before GC invocations=8 (full 1):
 PSYoungGen      total 74240K, used 64512K [0x00000000d5580000, 0x00000000daa80000, 0x0000000100000000)
  eden space 64512K, 100% used [0x00000000d5580000,0x00000000d9480000,0x00000000d9480000)
  from space 9728K, 0% used [0x00000000d9f00000,0x00000000d9f00000,0x00000000da880000)
  to   space 10752K, 0% used [0x00000000d9480000,0x00000000d9480000,0x00000000d9f00000)
 ParOldGen       total 57344K, used 8845K [0x0000000080000000, 0x0000000083800000, 0x00000000d5580000)
  object space 57344K, 15% used [0x0000000080000000,0x00000000808a36b8,0x0000000083800000)
 Metaspace       used 28616K, capacity 29458K, committed 29696K, reserved 1075200K
  class space    used 4047K, capacity 4272K, committed 4352K, reserved 1048576K
Event: 12.345 GC heap after
Heap after GC invocations=8 (full 1):
 PSYoungGen      total 75264K, used 8267K [0x00000000d5580000, 0x00000000daa80000, 0x0000000100000000)
  eden space 64512K, 0% used [0x00000000d5580000,0x00000000d5580000,0x00000000d9480000)
  from space 10752K, 76% used [0x00000000d9480000,0x00000000d9c92fa8,0x00000000d9f00000)
  to   space 9728K, 0% used [0x00000000d9f00000,0x00000000d9f00000,0x00000000da880000)
 ParOldGen       total 57344K, used 8853K [0x0000000080000000, 0x0000000083800000, 0x00000000d5580000)
  object space 57344K, 15% used [0x0000000080000000,0x00000000808a56b8,0x0000000083800000)
 Metaspace       used 28616K, capacity 29458K, committed 29696K, reserved 1075200K
  class space    used 4047K, capacity 4272K, committed 4352K, reserved 1048576K
}

